[2026-06-15 00:02:40,579: INFO: common: yaml file: config\config.yaml loaded successfully]
[2026-06-15 00:02:40,585: INFO: common: yaml file: params.yaml loaded successfully]
[2026-06-15 00:06:31,829: INFO: common: yaml file: config\config.yaml loaded successfully]
[2026-06-15 00:06:31,834: INFO: common: yaml file: params.yaml loaded successfully]
[2026-06-15 00:06:31,841: INFO: common: yaml file: schema.yaml loaded successfully]
[2026-06-15 00:06:31,844: INFO: common: created directory at: artifacts]
[2026-06-15 00:06:31,846: INFO: common: created directory at: artifacts/data_ingestion]
[2026-06-15 00:06:32,516: INFO: 251335794: artifacts/data_ingestion/data.zip download! with following info: 
Connection: close
Content-Length: 23329
Cache-Control: max-age=300
Content-Security-Policy: default-src 'none'; style-src 'unsafe-inline'; sandbox
Content-Type: application/zip
ETag: "c69888a4ae59bc5a893392785a938ccd4937981c06ba8a9d6a21aa52b4ab5b6e"
Strict-Transport-Security: max-age=31536000
X-Content-Type-Options: nosniff
X-Frame-Options: deny
X-XSS-Protection: 1; mode=block
X-GitHub-Request-Id: AAA6:1018C0:731A64:E3E674:6A2F33F7
Accept-Ranges: bytes
Date: Sun, 14 Jun 2026 23:06:32 GMT
Via: 1.1 varnish
X-Served-By: cache-lon420099-LON
X-Cache: MISS
X-Cache-Hits: 0
X-Timer: S1781478392.359119,VS0,VE176
Vary: Authorization,Accept-Encoding
Access-Control-Allow-Origin: *
Cross-Origin-Resource-Policy: cross-origin
X-Fastly-Request-ID: a30ab58c222dc7e32fa766943493eec772ba87cd
Expires: Sun, 14 Jun 2026 23:11:32 GMT
Source-Age: 0

]
[2026-06-15 00:53:20,177: INFO: common: yaml file: config\config.yaml loaded successfully]
[2026-06-15 00:53:20,182: INFO: common: yaml file: params.yaml loaded successfully]
[2026-06-15 00:53:20,185: INFO: common: yaml file: schema.yaml loaded successfully]
[2026-06-15 00:53:20,188: INFO: common: created directory at: artifacts]
[2026-06-15 00:53:20,190: INFO: common: created directory at: artifacts/data_validation]
[2026-06-15 10:17:42,700: INFO: common: yaml file: config\config.yaml loaded successfully]
[2026-06-15 10:17:42,732: INFO: common: yaml file: params.yaml loaded successfully]
[2026-06-15 10:17:42,764: INFO: common: yaml file: schema.yaml loaded successfully]
[2026-06-15 10:17:42,774: INFO: common: created directory at: artifacts]
[2026-06-15 10:17:42,778: INFO: common: created directory at: artifacts/data_transformation]
[2026-06-15 10:17:42,952: INFO: 741865018: Splited data into training and test sets]
[2026-06-15 10:17:42,955: INFO: 741865018: (1199, 12)]
[2026-06-15 10:17:42,958: INFO: 741865018: (400, 12)]
